499
0 883 2736 5195 6067 6953 8428 4178 9759 3298 1452 8023 8390 8196 4409 1879 719 9483
1 812 3222 6774 2177 1296 3592 204 5111 5882 1783 3855 5434 1774
2 7682 1209 4315 684 7671 6186 1227 4167 6336 4321 7911 4697 58
3 6253 2560 2719 490 1695 6653 2607 6549 3596 9313 5159 7751
4 1319 8460 8216 6426 2028 9874 5550 9995 199 1962 2329 4292 8021 3538 1476
5 3838 7006 2345 2248 5532 4720 4121 6279 1002 6863 6445 6044
6 8637 9364 8740 9351 6527 1834 4388 3768 2420 218 979
7 1649 7769 1982 8762 2435 231 1992 3299 1024 8980 6236 4362
8 2240 5393 8198 488 7193 8620 263 6249 9804 2501 2689 6045 7833 4340
9 8758 2129 3643 7537 7400 3194 8999 1302 9331 2055 6672
10 9820 3787 1445 259 3636 2956 5023 4490 834 1450 6299 5855 8797
11 3974 4590 8035 5935 7640 1712 1578 2307 37 1923 8344
12 4622 9550 1849 5312 4347 7869 7907 877 568 3099 5762
13 4136 5795 4779 1719 754 3625 9702 5375 6743 814 8453 1668
14 8872 9583 4984 9365 2083 4444 5968 1260 389 3526 6201 8069
15 4380 4761 7066 3883 1773 3456 9006 1882 2931 8684 3285
16 5714 3562 5245 1611 5298 6693 5522 4525 4213 5717 3724 3506 9418 5483 6613
17 3561 9263 5041 1666 1079 9844 216 440 1801 2873 2179 6741 2540 7147 2986
18 7846 362 7884 367 5010 2220 1270 1572 4897 6315 2245 1956 148 8005
19 2590 518 8514 6514 3794 5416 5027 7941 8057 2111 9636 6667 3113
20 5244 644 3615 2211 9168 5977 5651 9889 7676 2641 6631 1784
21 1770 2436 7791 4042 6765 2431 4495 280 1458 4722 4645
22 2534 2261 1815 743 6504 7752 9973 6775 6289 2538 2121
23 891 4649 1711 7261 5617 9932 6517 2147 4054 6337 7573 8306 4077 4527
24 6263 5427 9121 4206 3419 2946 7171 7609 7491 876
25 6467 8543 6231 7137 2945 2845 7322 4812 4057 9920 6232 3486 5509 8130
26 4714 3118 7918 3650 6639 3021 2690 3096 6776 8632 1410 8455 8396
27 2161 6353 5794 882 6918 7929 669 8928 9430 5329 4750 5436 6633 1477 5247 7652
28 1344 7604 7119 8605 2105 5708 6127 5040 8247 1977 2170 3053
29 1494 6869 7540 6881 9011 9855 6858 593 5871
30 9428 2082 9895 4158 8583 5858 5391 7352 5940 3368 4463 9842
31 2212 8816 7851 1953 7470 1890 9556 390 764 6888 2235 9803 9861
32 9856 5523 372 1158 4991 2126 244 7439 3017 4856 9370 1328 450
33 7986 537 7279 3991 8752 614 8833 479 7972 895 200
34 8738 6963 4859 9059 728 9799 5680 1664 7556 2005 9533
35 8674 4353 5952 2418 4892 2450 8823 2920 1253 7123 8644
36 2107 8084 107 2424 7057 6721 8689 6339 8773 6673 9076 5109 8269
37 2125 4395 2067 499 9980 1804 1362 83 8340 1521 6424 4341
38 5504 1536 4533 6804 6530 3174 7357 3008 9767 5535 9461
39 4291 6258 8566 22 8348 4534 7234 2879 3080 5110 4559 9429 3378 5229 9834
40 7195 1827 1457 5476 9743 6370 2755 7003 6224 7733 1979
41 4120 8127 3490 3494 7614 3551 9190 3512 9692 9619 8931 8832
42 4224 3311 8157 8595 4306 7313 3707 7296 4661 52 5466 2723 9744 2983 9545
43 2339 3457 1123 4735 6950 8971 9923 8223 4848 3759 8878 5097
44 93 720 6024 2680 1091 9511 505 7800 5045 8457 8219 178 647
45 5478 1960 4429 6595 161 4561 8263 2294 4159 1978 8521 3461 9181 6525 3877
46 9367 6135 7749 60 2370 8849 3413 4648 3913 7589 2768
47 3150 9132 7593 1943 2284 5728 8171 4563 4940 4132 4949 6028
48 4739 2512 9587 1218 3504 2054 9595 8072 9445 9437 5494 9129
49 3005 9929 4546 4419 2972 7160 7210 571 9063 4635 9716 3284 333 7276 2943
50 1343 3587 1513 2033 9419 6857 1455 9138 7847 8527 8571 8487
51 1590 1049 9302 3978 2341 9123 8728 4084 919 4124 6959 1822
52 613 1274 6419 8697 1795 7380 4174 6160 6108 2052
53 532 8718 8160 2676 4746 7865 961 4981 448 9362
54 5850 6497 6498 7353 2773 8593 6105 6157 1440 6043 5103 4657 8787 3781
55 4684 6311 5592 2672 2217 1416 3565 381 2454 6654 1387 9990
56 9376 3287 4913 1510 4265 1626 1230 8617 1398 5350 5626 1299
57 8163 582 4133 2771 4675 1627 5143 9649 6978 8665 2976 5578 3634 8780
58 5422 4327 5351 3312 4869 3580 9081 2398 386 4556 2704
59 3904 9558 4741 5406 7701 9653 1303 3962 1569 1788 4064 6652
60 8937 4586 4345 1145 4552 9964 6107 6047 4933 5782 4259 5602 2650
61 655 765 6522 8432 8653 3764 4381 7860 4140 319 3081 2
62 491 4319 6395 3514 7140 7265 9539 8337 4230 1984
63 4728 8793 210 9080 8828 2405 8153 1717 5181 5024 3286 8681 7037 7949
64 6550 3703 4710 7493 1335 8817 1072 9474 7274 8675 9126
65 1239 2258 2213 5557 8854 9127 7149 5610 5468 9048 7120
66 3059 2263 8889 940 5906 9448 9736 2301 9651 5125 7048 745
67 2434 6154 4450 3803 8976 6890 1142 1532 6312 302 5748 5446
68 5007 2610 5595 1164 9527 7125 873 3741 173 7281 1948
69 5078 4322 8805 1928 4743 2550 7188 4708 2076 5192 6049
70 8538 23 4830 8467 7228 2699 6415 7796 6876 8302 8175 6920
71 3977 676 4349 5899 1897 4076 7168 8480 146 1506 2877 7699
72 8372 8349 2558 3492 3954 9712 9942 8996 4713 8176 5826
73 3751 1180 4653 9104 8002 7787 8721 8626 8246 6437
74 757 5326 7606 2757 242 6027 6686 3918 3796 7148 5131 2923 7517 2264
75 3058 3985 7955 7346 7407 6642 5367 1855 8149 7446 6261 5053
76 2903 8513 9898 2693 286 1014 1198 7692 625 2576 3971 2385 7318 2904
77 3745 6058 5737 1010 7923 6005 9493 3390 6172 2164 6223 1353
78 4134 2070 7122 9642 9693 4083 2368 1200 2566 6786
79 6542 7187 2509 4344 1865 7761 3573 7186 2878 8043
80 4474 4970 751 955 4241 1383 3989 9244 3370 5348 1420 8430 7581 874 3897 183
81 8311 9505 5797 8925 3864 1304 3169 9282 9069 715 9156 2702 7167 5412
82 3535 4223 9444 2393 5752 7505 9158 7381 6019 6749 2399 6598
83 6010 4541 6041 3558 3467 2342 131 3217 224 4668 756
84 3340 4985 3119 8864 7327 4734 2422 8290 7463 6171 3189 4560 1272 9270
85 5152 8303 5345 9757 8761 1350 1403 5031 1929 4231 8392 8887 6327
86 9350 736 3599 868 6123 4824 1996 5211 1672 4632 8948 887 1935 4216 5898 8293
87 810 7968 2622 2744 8169 8183 5704 5729 1028 2748 6656 4822 5248
88 524 496 8859 8353 4505 202 7306 1683 2203 428 5556 5363 8118 8188 8495
89 2497 6054 9676 9235 7562 9401 7993 3480 7530 5218 8712 6390
90 1907 2894 7687 6155 4676 5279 7408 7301 9300 2668
91 8193 5836 949 6837 2275 1136 5073 9830 7947 5571 6809 9487 6790 6534
92 1179 6541 9815 9624 7584 452 5529 3180 4293 6952 7772
93 1161 8880 2466 8680 2710 6109 3499 2419 9851 8435 2979
94 3084 3035 2779 5622 5722 2711 3660 265 7121 1535 3936
95 257 465 3300 9902 635 344 1615 948 7644 13 1658
96 6640 3051 648 6116 5384 5546 2357 2683 6064 3332 7294 2318 3648 4260 2085 2437
97 6917 2939 8101 5998 1698 7607 8862 3394 5554 2585 8228 9089 9007
98 4390 8305 5847 9796 4521 5075 153 7469
99 9210 2764 461 1835 3807 4209 8445 9710 6003 115 3462 7169 9991
100 6624 5754 9207 3691 2874 2459 8628 8370 273 3398 4780 6737 6538
101 3926 634 1233 8352 9238 2910 4046 4253 5644 7447 9245 7840 2747 8150
102 9248 7152 4671 4580 62 6035 3372 214 8647 493 7688 6537
103 3473 6448 1330 8341 8926 905 1488 763 4912 8716
104 2858 3376 1032 7194 8510 2395 4906 9900 2583 7076 2233 2465 8431 4664
105 5280 1663 6259 4066 1352 3334 7926 7784 6878 8668 8140
106 5332 6573 7062 82 6208 5715 5499 594 3770 5848 9615
107 3664 5266 7486 8261 4968 5117 9189 845 5568 2190 6718 1557
108 3841 8911 5407 4229 1327 4542 30 3353 7252 7721 7628 8426 6048 7219
109 5338 6038 4749 1479 6636 4992 5182 3450 7204 5424 147 2992 4004 3830
110 7747 1686 7355 3884 9111 7506 7680 6072 8152 7763 2199 4060
111 5533 2644 1195 3583 169 191 3294 8097 7841 8903 3819 1125
112 8577 1271 132 6457 6560 7170 2598 9477 658 7220 4334 4352 6170
113 3722 4530 8080 4880 8508 9529 9722 3710 2381 8822 9400 5925
114 8234 316 8383 6826 3182 5621 6324 6748 4018 3907
115 5105 9188 4324 9187 1985 2740 7477 1001 1144 9914 4969 1402 7277 3801
116 6747 688 2541 7287 6600 777 8164 6755 6680 6860 7367
117 8481 1027 8645 2701 1064 39 760 182 1336 6318 5818 5783
118 7317 1702 2926 6111 2081 9504 5959 85 4442
119 7321 1066 7445 1721 3797 1363 2882 6988 9513 3101 8913 34 8837 8200 7575
120 4986 3755 782 5283 7663 9781 2785 8786 2118 6119 379 9259 8958
121 2017 4243 9172 4414 667 1551 4612 2461 2521 258 1892 9598 8185 2288
122 7308 539 6012 9611 702 6799 703 9303 8243 8800 8585 2887 2732
123 304 6879 5508 1275 2428 2575 7518 5865 1412 1912 8512
124 2417 8376 4331 5636 7197 6783 8615 4769 9641 108
125 7233 5548 6331 8861 212 4312 5552 7629 9752 4971 3333 996 9146 4907 9852
126 4888 449 3619 4623 7358 2180 7223 9471 2389 307 8116
127 6914 1070 818 5861 4247 157 8147 4007 7877 5148 1665 2182
128 8827 8131 4508 4937 8119 9650 5382 1805 4966 3816 4143 3543 399
129 6013 6698 6938 4604 1742 7712 3039 9981 8338 547 9886 2292 6360
130 9887 7547 8361 9283 7910 6556 1733 1819 1380 6935 5965 1638
131 3510 1567 5804 6601 2948 5831 7 5126 1093 473 5327 2029 7088
132 8727 6627 4169 8382 6596 1703 4383 4818 2414
133 8835 6926 5735 2468 8493 8824 4303 6510 4095 6620 5474 1454
134 3214 9972 4650 4683 2425 6052 4999 7783 3386 4377
135 9169 364 2514 6350 9888 5153 9326 1359 8410 5038 4199
136 1529 5990 4935 9016 7931 7894 8039 3635 207 691 5821
137 7559 8807 8213 7816 7196 663 4938 4172 3277 9592 640 7153
138 7144 8464 8167 2379 3649 3992 8982 3338 566 1509 105
139 1767 8699 4908 7811 7181 106 7305 2717 2402 6334 8062
140 400 3806 6242 2751 1157 2835 6456 4051 5738 86 2915 8245
141 6452 4103 8748 6877 6417 9715 1807 1636 9242 3670 7861
142 8174 3057 1633 7601 8052 2359 631 2300 8613 3772 8425 7922
143 2364 673 1908 2404 9576 4181 8995 8596 4033 2391 7229 6355 5966
144 794 2169 580 8074 998 6425 938 4037 1825 8706 1587
145 3382 6739 9041 3383 4995 8580 8329 6089 5465 5941 5469 2880 5859 151 8212
146 3665 5563 7799 6705 8056 2817 7839 7523 4426 1356 5025 1273 447
147 5282 6931 6216 3885 4065 7674 4843 9924 3042 9035 5094 3068 8209
148 3683 423 3502 3142 5473 4803 8123 3705 6180 3775 850
149 6420 4416 8274 6985 8638 2648 2691 4551 8905 5801
150 7510 3288 1793 7909 6708 4807 4569 6531 2649 6818 88
151 7482 2353 5659 1618 4483 8973 7401 1109 5012 2138 3073 1429
152 8224 9858 3608 3232 9686 7065 4489 7715 9462 1547 5308 3697
153 8208 2816 4386 4759 5251 2938 6590 2741 1045 696 1007 3050 6101
154 2520 6892 3417 4724 5343 3593 7177 7326 967 8412 9789 76
155 4572 5204 2645 8486 2302 3613 7940 5371 6972 1354 5341
156 2669 4032 4774 8389 1318 1361 8016 9960 5339 7087 8470
157 9196 2958 5121 6899 2574 8535 9291 9054 4055 8042 832 3663 9230
158 1034 4891 6840 6862 7743 4142 9413 3963 9288 5824 1752
159 8722 1573 9784 6464 9737 1766 8967 9739 2657 5536 2822 9412 190 3728
160 7903 5202 1708 5232 1737 5676 8568 809 6260 9060 9532 4963 786 2533 6153
161 831 5240 102 2160 5553 7190 9738 1267 2457 4791 1481 6666 2902
162 3588 3256 8195 2913 36 3173 3067 5056 5302 1528 3876 4087 1920 867
163 7118 6060 8162 3689 7110 8916 4191 3002 3802 2993 7815 4597 7659
164 3481 3356 2848 3505 3702 710 3673 5210 2297 9969 1056 9668 3330 8677 6053
165 3581 233 6503 1357 3820 9333 4941 9674 3168 9044 2844 2868 3835
166 4370 9161 1163 6385 854 6143 7258 4486 6033 6709 6351
167 740 2818 2401 8594 9546 7925 382 913 6275 8313 9731
168 956 8993 2470 2285 8747 6218 1135 6684 2815 5787 3865
169 8943 9224 9755 9897 3156 6891 6856 1147 350 974 9311 332 9075
170 3152 8986 8240 1081 237 1940 9626 1824 4111 8845 7163
171 9457 6676 5825 4354 7028 6757 6125 2564 5853 2453 1323 7997
172 592 9774 5838 5881 8536 418 1080 8888 7192 6164 1798
173 5957 7789 2194 8363 9014 5683 140 7642 4588 5360 9355 8720
174 8544 1622 9499 5405 2547 329 8989 6357 1588 8511 5418 9330 4314
175 8099 6362 2803 2113 7836 4799 4931 4872 6843 5907 8166 1366 5609
176 9885 4523 9643 4524 6992 7954 4015 5166 1437 9694 6733 6020
177 6599 8683 3429 208 8407 3721 3320 3209 7528 939 4996 4107 952
178 4819 626 932 9102 9959 674 9764 5408 4838 318 6209 53 2192
179 2934 2074 1674 9696 3111 963 77 3018 5923 4301 4289 2715 4286
180 8646 7552 1927 706 1146 3274 71 3318 503 2412 5437
181 8498 1282 2769 355 8933 6902 1980 8244 2982 1786 4154 3662 3585 6141
182 7044 4827 6379 699 6808 7227 6628 5293 9360 6524 1020 2349
183 2804 1215 1555 4294 5989 5200 1082 8811 3134 4198 8452 664 7263 8844 5507
184 2549 8766 6134 5779 5176 3540 4805 7976 2567 2573 8159 5206 9139
185 1964 725 1077 5272 4781 9958 5712 7396 3460 9605 122 6146 5543 5219
186 2584 5601 1162 2977 6954 4081 6523 5426 1205 398 339 3720 9848 5775
187 5430 4183 1114 2472 6545 2722 3867 8940 8367 538 9955 2407
188 1838 6166 6794 3163 8602 7585 2162 9916 6990 1107 8111 7034 8233
189 8557 8902 7867 6913 5157 158 9416 2700 2051 7570 1459 7244 4967
190 8098 951 3654 4204 4545 2525 5381 3808 3100 1531 2239 7054 8618
191 4187 3391 5612 5559 8271 7957 2280 3968 5030 4958
192 2515 6974 9015 3267 6607 7026 8345 7738 338 7237 8531 8671
193 5462 5525 732 6428 7617 6167 1602 5741 3117 2498 9503 361 780
194 3077 3454 2006 8866 6320 5805 165 4512 6241 8173 5119 2760
195 6144 1170 7245 718 3426 618 9590 9707 4911 9928 5895 1223
196 5972 9512 3987 645 3988 7434 7655 6912 6295 1165 6057 2892 9758
197 2687 9935 3857 4909 7453 9068 6287 6265 9997 8920
198 2124 1989 7213 5914 340 9948 8444 7912 3188 4582 9843 5062 3937 468
199 7661 6243 8547 8963 6023 9714 6313 5108 2168
200 747 4978 1289 341 7290 5346 3529 5862 6609 7801 9459 7314 1670 427
201 4225 9933 5909 7475 7492 9637 4185 3260 8404 7443 8814 1117
202 4284 8113 2099 1715 6423 7888 5883 659 6937 3776 6924 2770 5643
203 4841 5607 4878 7348 7773 4644 4593 3238 3960 950 9289 9273 7740 3023
204 6227 608 1189 3114 439 2634 64 2885 4203 4904 5840 1060 1731
205 7567 2007 4744 9343 180 9209 7765 6993 3969 1917 590 7664 6650
206 1600 2631 5046 5581 3943 5177 6896 2133 1448 1937 1106 7133
207 535 4851 3805 8187 3054 8949 709 3677 8876 7927 6535 9294 7361
208 6332 6854 9256 7823 621 4757 918 1376 5271 620 9865 9600 7762
209 8008 3243 9747 287 8105 1799 888 4887 5451 7474 7754 3351 4806 9667 8614 8507 569
210 9108 9140 2843 6368 5603 7889 4953 1048 8789
211 7114 6338 7638 3595 7307 9019 7660 5403 9315 7055
212 6723 5730 8803 8983 4624 3202 8921 5707 2886 9344 7454
213 2181 2230 1776 8394 2397 4567 6294 5060 7045 677 2806 3261
214 6382 4613 3191 6670 6614 2670 7881 2049 9278 3530 6011 9023
215 3553 8142 3630 5006 1471 8226 9496 5696 2031 1599 5605 9790 8220 926 9361
216 2291 3879 311 1298 3270 6410 5930 9695 6575 4896 1761
217 1111 5395 433 5353 2231 4961 588 5750 8268 3371
218 9194 8542 5950 9034 5055 8957 7164 44 6516 8059 4641 6281
219 5136 4179 9565 8250 3911 8892 5996 6462 497 2021 4747 2114
220 5486 2997 8899 2062 6712 7586 1017 3946 5766 3279 5743 6616 3447 437
221 2638 8739 3404 3363 3126 9281 2109 8915 1038 9839 9816
222 6342 3999 3735 7875 2952 3471 226 6845 2433
223 9388 1391 7411 1197 5495 8 2813 9231 2024 3740 7786 843
224 1963 2973 2157 7611 1790 1893 1316 2778 291 9482 5531 3584
225 2830 1349 3923 4079 5070 9250 7256 8199 1689 6810
226 738 463 2925 4097 1854 6824 1071 3030 2695 276 4583 585 8462
227 2685 3227 5886 3958 9989 7343 7046 7295 7560 3264 2032 9741 6909 2739
228 5630 8358 7398 498 8906 8897 3381 4396 9340 4511 5005 9374
229 8994 1909 7040 6903 1516 6943 1691 7785 3070 8182 2974 7008 1256
230 3484 920 4987 7953 7072 9056 4736 7269 8587 4402 7987 7438
231 6565 2346 7383 4832 2930 219 997 1640 9316 9999 308 1883 3656
232 4835 9878 8715 9197 4266 315 9863 5915 2206 8676 9728 554 517 3408
233 4147 2495 3789 5958 9255 2343 8869 2909 3001 1991 1821 1113 6387
234 6635 3153 7849 2326 2746 8204 1785 6375 5193 5235 4073 4510 3306 583
235 4659 5628 1623 139 3871 5032 7542 7577 8436 1723 8664 8659 9040
236 9218 5538 555 9601 9222 3167 546 5947 171 2522 6274 9633 4804
237 8294 5388 3828 9192 7328 3069 3780 310 9147 7945 9211 5458
238 2432 8836 1194 6036 5944 4038 7376 1662 601 9380 3004
239 5929 8990 8750 1495 2588 4846 3736 2014 5937 8621 4108
240 4202 2593 7824 8380 5514 2731 8277 5703 1523 5942 5087 4619 5122
241 2596 8900 7902 930 2737 3965 3434 7942 5344 2787 7270 2079 9857 9681 4884
242 3172 6402 8953 8000 9646 3019 7406 9131 8429 3661 598 528 4679
243 8010 213 3508 2313 1320 3729 7984 2829 345 3253 1276 8894 3146
244 5584 1401 6496 3144 1950 6647 9770 6364 6325 8640 6335 7561 894 5216 9465
245 8808 6509 7516 282 6825 9292 5398 716 5479 337 4238 4258 2426
246 2119 5296 1040 3667 5917 2183 4883 2580 9941 1009 643 1762 2314 3106
247 5920 2962 5069 7364 2602 3362 8785 3336 6951 8264 347 201 425
248 7248 2483 288 2562 1732 8705 723 9547 2709 3048
249 2274 5549 3135 3837 5081 6449 8891 1053 6307 2624 9000 1877 5846 5948
250 2044 6594 3358 9453 2191 1405 9526 331 4279 7977 4629 7732 8134
251 357 6562 7240 3140 9074 4939 3148 2336 2243 8635 8947
252 7870 8627 3739 4531 6908 5835 638 1850 8125 7214 4264 9524 9133 7948
253 7495 5663 5112 2494 325 7021 5675 5624 4703 9342 1105
254 72 7771 3995 392 4651 9618 8701 2628 953 2278 6886 5044 4626
255 1063 4591 3086 7009 3247 9617 9552 2195 1463 820
256 8298 2586 1763 9537 3292 1011 5900 7794 3177 6398 4823
257 915 6454 9831 4550 4080 5389 9125 8841 9258 8767 5711 8522
258 8499 7744 9186 7373 8393 962 3725 8809 3951 7694 1008 4150 8343
259 2772 3151 5059 1168 4415 3085 1582 6015 8071
260 7718 9798 8221 6381 49 9415 7104 1224 4240 2734 7684 9903
261 9321 7216 3653 6181 5562 4917 7360 1485 1432 9381 9669
262 7484 4763 4849 4008 9451 8977 9833 6805 3028 7758 8630 5866
263 1972 6341 2640 7615 5379 4180 8619 3605 4041 2572 9398 3095 5961 3061 3905
264 1438 8075 6946 6836 6928 9423 2639 3344 6715 8115 2556 6000 6554
265 4496 9811 9634 3757 9 6148 9031 2015 8914 7921 8451 1613 1058
266 7105 3762 1676 8068 6559 3078 1120 8318 8798 4914 323 8871 1430 3894
267 2735 6248 5201 7339 1222 1501 6214 2219 6247 8895 1597 3944
268 3602 6034 6066 2776 2503 9327 3642 5335 2655 3606 9828 270 1414 2875
269 1004 2823 7448 8073 8743 559 4540 5919 7236 4485 475
270 4205 5475 5420 7462 6561 1076 9191 6276 697 1358
271 1581 5428 5960 6586 5521 4122 9018 8064 7113 5307
272 7641 750 4251 5146 1078 735 5781 7804 4778 2232 7806
273 8085 9502 2630 8054 7208 6468 9508 336 4665 6832 296 3079 5902
274 9466 1097 7058 7999 2959 3130 5864 3235 3610 4786
275 6376 7191 4711 1951 5911 3493 2270 2908 1919 317 7487 6982
276 2441 3056 1364 805 4638 6189 4633 1758 5290 3860 8156 5138 6967
277 7480 8923 8965 155 8225 5477 8579 2202 320 1102 2279 4501
278 8534 4677 7154 1466 9724 7720 4634 599 6330 4652 283 477 9043
279 2327 1201 3539 8029 1436 3013 8819 8649 2542 3929 1325 5867 7130 1811 2100
280 7063 3758 5127 2506 5493 8975 572 436 8088 2325 2175
281 4965 9199 5726 8768 2951 9899 1621 3409 7853 6211 6506 7873 6889
282 4242 3947 657 4116 6465 2351 2825 653 1301 5373 6021
283 8714 4094 1777 5086 4712 5731 9585 6846 2380 9036
284 7797 8904 8954 649 7042 5287 1348 5185 2795 1906 98 7060
285 1716 8484 9671 4366 2120 4565 3637 3548 3387 5567 120 4855
286 9725 2386 5587 8796 9543 2777 981 6834 1533 3786 3374 9688
287 9484 3846 7527 2148 5829 1279 7963 2308 9003
288 6269 1291 9734 4944 6882 8520 5178 9262 5547 8794 1297 724 1553 9593 7481
289 5179 759 3934 9417 5472 7597 4227 5080 5727 2115 7507 6744
290 7471 1462 2827 6091 6031 17 7563 494 9296 2794 9425 1749 3089
291 7792 5765 863 5209 4721 6547 1443 429 5317 5049 7247
292 4461 7817 3038 2186 9128 6114 6405 1954 2227 8405 9160 321
293 970 354 9732 9691 8682 5565 9241 7939 3388 4456 4667 8574 7320
294 4326 6579 5085 761 2354 6681 7774 1952 5187 3348 9966 4797 7023 300
295 3693 827 6022 8476 2214 5347 2293 7415 799 4795 2143 9219
296 7425 4099 4568 9204 1598 2919 2365 6690 5667 2475 5502 9301
297 7282 636 2524 1262 5488 5725 2298 5453 3752 7864
298 9835 6389 8051 6478 4304 2834 9602 8236 7384 1629 871 3303 8812
299 293 946 8041 3682 9554 2688 9845 6290 8117 3941 8036 6797
300 2296 5580 8288 243 8186 864 1771 4620 6412 9004
301 4558 7404 3840 6039 7029 687 1208 6282 1796 3087 4435 5842 3293 7504 9837 2128
302 2545 3442 297 4417 7967 7635 1734 711 5022 660
303 8984 5789 3283 6345 4118 500 6577 1554 7880
304 4915 2430 5520 5084 5000 9705 4936 924 3747 8235
305 8944 9352 1705 8776 712 9717 4355 391 1687 3771 1185 2335 4457
306 7545 6851 3614 2614 6558 1571 4484 2492 8004 3469 6429 7895
307 9568 7424 4434 366 2458 8774 9045 6695 1055 2400 2396 1310 4311
308 3723 9184 1639 4393 5757 5786 2536 8815 9557 4809 5228 454
309 346 4773 2091 7157 7081 4503 8141 1365 6001
310 5575 6941 1214 8135 3893 8103 1759 9630 3290 4379 4091
311 2824 9001 7215 2071 3644 3414 7226 4740 8350 6229 4636 7992
312 5540 4071 3657 1981 7162 9517 6300 506 5939 2928 3361 5541 1607
313 9867 0 3104 5589 7131 5331 2256 6615 1938 1840 417 2963 8368 6875
314 9410 6319 4109 9307 3572 1332 2559 8938 8622 6490 81 1192 6817 2409
315 5606 1171 1127 3488 1419 6697 7309 4983 6481 6084 8257 7742
316 4594 8295 7289 9993 9604 8067 1577 544 6018 1311 9047 1867 3412 3210 2900 420
317 6430 8765 1228 7639 9687 519 9718 6304 9213 8870 6292
318 3269 911 8569 6414 8759 1392 1768 944 7768 9341 2810 3395
319 3746 7736 9823 8672 8109 2582 3715 7591 4840 2197 9700 2392 1625 8406
320 3983 1456 9808 7827 206 8744 9785 3886 6831 3308 3103
321 8588 6540 4421 7426 3229 6183 1901 999 1021 1522 9101 9404
322 1431 8625 5394 3064 574 4332 1914 8966 1888 4175 5561 2058
323 6439 8597 2234 6706 8987 41 376 5300 3544 3616 260 9167 2340
324 3537 8581 301 7734 3422 8840 1603 8334 2372 6302 4873 9050
325 2479 2548 2236 5764 7340 4166 3821 5135 7061 2613 2555
326 6866 1781 2267 7378 3866 4554 2020 2319 9436 8663
327 6492 8586 7543 8276 2850 9954 4532 992 4296 7435 3666 6827
328 3171 8629 9064 6017 1841 1467 3829 8572 8391 8711
329 3980 5537 1678 66 3016 603 8120 9387 2609 4325 9073 7759
330 272 682 4621 8438 3197 9658 5480 6910 8449 5295 1043
331 1507 9827 7564 5999 7284 5463 7647 563 9570 7392 4923
332 6158 7843 1399 6835 2786 5983 5652 4462 9640 9178
333 8935 3594 7090 8779 8735 6008 3609 7459 2406 7956 2127 1178 2752 6447
334 2469 4186 9475 7776 5144 2971 5776 175 4870
335 7409 8732 4270 6778 7526 7351 6871 8463 7412 4775 2721 1407 2895 135
336 2658 7741 8469 838 2187 8280 2201 2788 9809 9171 752 3836
337 2836 8017 6374 2551 1944 8063 5863 4656 5369 9709 3109 1425 8102 4129
338 7965 4478 5447 1202 7693 65 9726 7595 4910 7429
339 6626 7859 6717 91 7461 3094 7917 1925 4281 3325 4517 9573
340 2272 5534 1075 8024 6657 3868 5519 6936 8962 7036 7179
341 8770 2455 8132 1333 1699 3624 1545 9037 404 264 6458
342 4010 8851 5242 9085 8898 5582 822 4972 9571 1630 7043 6401 9733
343 2008 9657 6480 6273 5808 3848 3611 1549 7525 3870 5661 3012
344 8781 5611 7885 9405 5706 9312 6713 9386 421 4901 476 1534 7012
345 1896 6493 7650 7887 1257 3698 8037 6742 3700
346 741 6063 5158 9926 6459 7038 611 7969 5220 4576 369
347 3249 9079 7522 9510 240 7675 8143 2290 6042 1115 1423 3032
348 9859 4562 3307 779 4698 6515 9610 6443 5261 3557 4254 7476
349 4086 8081 4674 6095 6413 4522 2867 2544 3709 9762 7250 7702 403 3612 9008
350 1379 8461 632 5686 5809 4448 9308 6694 2012 9083
351 8136 7206 9776 1394 1740 3681 9414 513 4464 141 5693 1052 1905 2140 7155 2798
352 3501 1108 335 578 2103 6861 7730 2281 8388 9968 6621
353 2987 6762 8882 1694 828 6758 8319 1128 9569 2742 701 166 6188 2611
354 5660 2000 1620 1693 8331 9577 5163 1595 9378 6349 5092 9965 5962
355 6674 8249 8490 9950 6474 9435 4268 1688 2936 6677 6244 6771 1750
356 4151 917 9597 5666 907 3373 9685 3742 7253 4477 6991 4357 1375
357 7086 1226 3586 6434 1408 2229 4553 2859 2864 2635 7020 6278 4027
358 6964 3961 5036 96 3824 3542 1035 1764 3626 7558 753
359 8964 8308 7413 8850 416 9721 3350 7946 7726 5634 8336 7254
360 2089 2130 4585 6195 6030 5897 4538 1250 5013 172 6997 6270
361 9791 5503 9768 847 1765 4924 6752 731 8942 4754 7544 3655 3309 238
362 1151 6103 9206 4005 5932 1421 9017 1177 8006 111 7001
363 1540 8258 8227 7293 1464 5619 9468 9740 3083 5995 3658 514 7347 5857 9268 4378 6482
364 9317 8972 89 1236 6133 4998 6606 368 3908 7185 3748 8332 5340
365 1902 4439 348 1294 4394 6529 8440 8526 5964
366 8609 1657 7350 7302 6040 1087 772 8475 7546 401 1743 2553 6584
367 9862 1219 4059 446 6002 5892 9280 685 6126 1439
368 2881 2254 3676 6581 2092 1442 1184 6152 5671 6576 4977 5386
369 3784 2155 3825 8301 2338 6081 5029 2337 7705 2324 9371 4320 4036 1216
370 5419 510 2780 1650 1548 6641 8420 7648 1139 4020
371 3536 6823 9106 1789 7962 7298 1317 1614 3892 8708 6161
372 2745 70 10 6175 2176 7304 4257 3132 5048 6521 4466 1692 2653 3708 6178
373 8443 3604 196 1710 1851 7974 8138 4237 3973 2532 9026 5992 5869
374 694 1682 860 4595 4013 6589 6037 540 3401 2415 9608 8284
375 8032 7231 3793 6872 7625 4445 8090 3549 9470 7782
376 9087 550 4401 7513 3851 5054 2485 9871 2851 9389 9407 3692 788 3262 3753
377 8501 650 8734 1586 6873 2949 1326 3272 6288 8961 3364 3427
378 1451 6546 7938 154 5402 6730 8265 1878 2101 1809 5258 600 7975 8040 2552 7709
379 299 375 1406 2577 6696 9261 3632 5035 5551 6578 9393 3998 6487 7077 7285
380 1342 9372 4693 1565 3014 6286 4607 8717 5140 6029
381 227 1562 4382 7174 3438 1046 4579 2447 6971 1122
382 9215 6925 6905 5100 7899 1212 5697 8330 8038 727 7022
383 4128 4662 2013 5672 4308 6132 7143 2476 9409 9921 4182 9818 441 2603 8910
384 4696 8014 7218 9706 8384 8275 734 8297 3125 8416 5275 8408 4367
385 8106 1150 1134 1309 7377 9882 4201 575 9348 5885 2802 1435 7414 6625
386 7389 5574 7232 8934 3888 5456 7173 885 4513 1409 7737 935
387 5429 16 1648 3726 7672 9252 5832 2178 4130 5792 8028 6014
388 457 20 8253 2030 6828 502 8483 8703 6784 2429 7442 5003
389 6365 9853 8846 3570 700 8310 351 4436 1880 3319 2615
390 7111 4808 5141 9703 5905 2563 3315 7082 3997 3291 4105 1800 705 3304
391 5690 686 3476 5560 6720 3074 8546 7251 4555 2504 9673 5639 1042
392 164 4670 5692 6933 4866 1089 7866 641 7472 7798 3046 4481 3020 221
393 3785 5710 4994 6092 1006 1673 8960 6563 1746 1149
394 5306 2486 305 4738 6431 4256 5089 9062 906 7266
395 4387 4801 8357 7112 1861 5400 5189 4135 9963 5490 1515 374
396 4431 573 972 783 5396 8523 6646 1677 4255 9226 3714 8922
397 5816 4716 3563 2077 884 7779 134 9130 1541 7924 387 1098
398 5256 9864 2837 2221 8241 1386 6745 8351 4647 6404
399 117 1229 6136 7222 5051 9090 2592 8548 4274 1946 9478
400 2037 6568 4307 9057 8359 1722 7818 1537 8170 5083 1524
401 8281 5008 4271 7025 4577 4955 4364 2781 5001 2681 8918 9607
402 3193 4470 4422 9760 8673 6205 1307 5691 266 8419 116
403 7690 9450 4356 6746 1617 5720 3834 8346 1231 254
404 1176 458 8562 7371 1243 1987 7201 9956 8178 9088 3397 6296
405 5011 2269 1033 6267 3688 4188 957 6812 1866 5124 7485 9579
406 7465 8471 3216 3600 5234 6348 8375 3147 4400 662 3418 6316 5810 9265
407 1118 21 4574 2828 1876 7299 859 5849 9745 3847 8529 6184 7451 7708
408 1558 7288 6087 2282 6147 9574 4053 8655 7533 24 7602
409 4446 4290 9092 4098 7494 2999 6750 6059 6418 3254 8756 9032 1934
410 2491 1220 9266 7330 6062 1735 562 9295 4363 9627 6149
411 2421 6198 6485 2102 5162 3647 8560 5368 4509 966 9699 4893 3049 2790
412 4853 2034 2842 4726 2035 7632 1234 2911 2108 7808 7653
413 6471 4557 7075 3523 8698 2508 29 9329 5450 5161 3914
414 624 8267 5852 2841 7981 5169 9203 8792 4177 7961 3597
415 312 133 3423 9328 5912 8215 6651 7420 7566 4162 8465 7795
416 1280 5705 7852 4475 7879 7679 3003 3966 766 3244 8890 444
417 3416 7117 6548 7916 4929 4302 3591 8070 2152 3396 5884 5445
418 4014 1238 1242 8742 936 4829 3463 3251 6102 7235 5744 5093 1958 7919
419 4088 3158 4825 328 8238 6433 6544 7535 893 5815 6919 6321 352
420 442 2189 3791 5414 6191 8725 1322 7914 7014 1583 7013 412
421 5155 1632 6221 6511 6340 4528 167 852 4412 7802 2276 7598 9805 6082
422 8952 6811 4792 1837 2783 3127 6736 4811 4049 7649 9467
423 3097 6665 9397 8272 3873 9905 4814 7249 8231 5230
424 6055 2530 6841 8704 5701 8385 3524 33 9939 6061
425 4252 84 9247 6196 4280 9028 870 3154 2671 6948 1096 1745 4704 2480
426 6611 3415 5956 7078 675 3896 8741 4982 4867 1976 7624 4035
427 6722 8033 5431 4437 2117 1444 3345 9549 5569 1483 1090 2145 1997 7669
428 9366 7901 7980 639 5015 2996 5749 5310 7345 220
429 9588 8399 1259 4029 6461 984 5991 844 4031 8060 8387
430 3525 1183 982 8255 230 9488 6264 858 2289 8763 5194
431 2941 8670 6446 2001 7359 7631 128 8863 2223 3138 5330 4441 6980
432 6793 2059 7427 6121 6740 42 7393 8554 2595
433 5208 7467 9239 3853 2499 4160 8642 4391 9422 5828 739 271 3982
434 7430 4195 652 9159 529 2078 4599 2068 6585 6608
435 7685 8011 9648 5099 8400 2749 5246 3464 4148 8248
436 5365 5933 5255 4460 4115 9906 3435 7257 5924 4737 9086
437 7807 8278 6704 7662 8206 2546 4685 8924 6234 3263 5301 2150 3792
438 7770 7681 2927 1246 464 2427 5573 4783 4500 255 980 5425 1265 8830
439 247 262 9622 2673 3295 733 4028 5172 6703 5618 3157 5566
440 8145 516 5614 2985 6895 8424 9531 5016 3902 4871 9485
441 4089 2805 9137 144 6317 6366 7070 2488 9793 239 6955
442 3959 1044 2922 9825 9609 1417 1792 2022 1706 6192 9027 3184
443 3783 4777 9763 8885 748 2026 451 1519 7724 9701 2661 9761 79
444 1889 1285 5887 2706 6470 5285 8260 1000 482 661 193 3297
445 6179 947 5217 6380 179 9391 9944 294 3479 3849
446 9067 1441 3280 7536 4821 4034 8015 55 1248 7386 3778 5415 2463 5019 3316 1121
447 2464 7970 5226 5337 3246 5390 7372 8324 1175 6859 1264 5839 7135 6222 3043
448 8950 7397 923 9214 6427 5943 5170 9481 5987 2856
449 6502 3813 6069 3622 9134 4942 2727 2460 1372 8753
450 6507 1181 6176 4988 9787 5629 7908 9516 6520 9163 5356 6500 6738 6140 4539
451 9148 9229 8061 4328 2872 2403 1517 6911 6770 7943 1542 2038 7874
452 2707 250 9093 3015 6115 94 8518 3192 1971 9766 3931 5077 9832 176
453 4310 395 5856 8927 792 642 8549 8158 4126 8981 9154 1427 5946
454 8592 6989 9678 8959 292 6965 789 4705 3704 5684 8652 3115 4068 1496
455 3322 8532 9363 4860 2636 80 8515 3579 4173 6301 521 6570 1904
456 7489 5359 142 5401 9800 4596 4899 6663 976 8624 3252 1351 2531 802 9299
457 9986 267 7255 9492 1313 3365 995 7548 9346 3706 3207
458 3324 9930 9094 7221 2754 6257 7935 8610 4424 3940 9029 1868
459 5662 7643 5043 8307 2042 480 8108 4920 869 8356 5773 5250 3379
460 7775 8600 7883 3195 4766 6958 1903 3009 4298 7268 1331 1839 9216 3149 541
461 3859 484 1559 1041 8409 2663 7067 778 3669 6356
462 2726 5237 2253 3554 9704 6658 2984 2423 7395 6543 5564
463 3727 5880 2371 5492 9655 2539 2871 4189 2694 8678 97 2967 3843 2643
464 2500 8806 9690 4039 2519 5665 4023 5517 2897
465 4101 3555 4548 5803 5596 609 3852 2004 1119 9070 4480 6701 8177 770 5788
466 9967 8516 5796 9797 3744 851 3933 7723 9368 3241 2666
467 3716 9988 1191 9458 8279 6597 3389 9022 6112 9065 5583
468 3440 460 3183 7488 1681 6203 2144 2376 3496 7890 8693 1083
469 9711 3541 5392 4137 9170 4131 277 5168 2087 989 9580
470 9440 3121 9683 5442 6763 8413 7363 1574 6056 5963 8172 7698 552 5156
471 7239 8707 8604 4688 1637 9420 4752 1424 8458 6934 969 3981
472 3928 8287 6780 3310 530 6637 7603 5515 7837 523
473 3211 27 3122 7073 8018 7697 5460 6777 1813 8858 925
474 9566 5277 6961 2462 773 5734 6078 3230 2369 1556 4287 7937 4176
475 6076 2225 6213 2703 3041 7391 7578 8650 4857
476 616 4214 1930 7329 3887 1576 8328 9821 1634 9228 3281 1345 5702
477 1757 4837 2188 4123 6488 7490 2935 3645 8749 9276 4282
478 5679 7713 5677 8992 9463 2196 2896 6329 7893 5526 2623 2759 6587 1153 3521 6692
479 6880 205 7991 3812 6378 901 3128 6830 7746 4351 9946 3123 744 3024 3964
480 7362 5433 9521 9305 5637 8810 4934 5986 1646 9304 4277 746 4997 6369
481 8658 1434 1329 5423 3924 7766 5115 5297 6085 2632 7670 9754 8189 4787
482 2215 4646 9675 6309 6491 8133 2950 9318 2249 5747 385
483 1047 6691 2953 8710 656 4288 4194 8459 6096 5175
484 798 7503 5322 8092 138 5485 2286 9522 4045 679 7338 1652 2061 945 6187
485 9274 8831 1628 360 3031 2998 9666 3424 3242 5151 5017 3275 6675 4765
486 551 7292 2330 54 5061 6645 472 5399 9970 2047 2305 1293 2569
487 2224 9395 7627 912 833 1718 3377 3774 6572 8447 8442 4959 5064
488 5997 4755 136 137 6065 9664 1428 4211 9243 9953 6569 6848 7004 8491 4784
489 1847 1942 7904 5555 2228 7500 4093 8818 8434 672 587 5409 1287
490 2167 9769 4261 2251 1172 904 5263 3385 7382 8690 3006
491 7136 6973 2838 5366 6090 9639 2664 1828 4016 9260
492 2796 1945 2860 9654 8211 1604 5257 7569 419 3815 9392 1130 2696
493 9233 5656 9931 8517 6422 9638 3240 4318 5186 9061 6476 268 6716 1255 6588
494 174 4691 6025 4170 6591 2482 4974 6494 964 3181 3749 9431 6986
495 5822 2637 3945 2410 7719 2283 830 2218 4816 5936 4337 3160 2158 9013
496 7134 2981 5649 3672 6444 1881 7755 605 5873 3037 1871
498 2730 1606 3895 3392 670 6501 211 9934 5342 4263 3628 7069
499 7116 3900 322 1916 7605 5481 8551 5755 6555 1899 396 7127 4788 977