93
0 1208 5561 7301 1512 2509 717 5820 5414 2288 5046 882 8738 8600 1265 600 8414 4460 2428 2108 3901 1356 1884 1473 2556 2167 4548 4577 1369 1656
1 278 9903 464 58 1403 430 178 5519 5361 364 831 5515 1572 3053 6614 700 8949 251 7269 3198 6779 4048 6052 6890 949 6045 2334 8620 1581 2594 2482 2758 3160 1725 451 2841
2 13 23 137 9547 7995 2610 722 2878 110 102 1311 835 6359 7702 127 637 982 436 277 1953 1495 308 5819 4241 1845 751 3784 1181 401 80 3017 8006 4837 1562 5554 9584
3 5512 6394 2095 2220 1577 528 6990 4361 3332 2398 7924 4032 9607 3591 5817 1466 2518 1288 1734 7253 3349 5848 3471 1135 6357 507 1366 8342 5582 8297 9138 4347
4 1582 2088 381 8401 9493 2702 467 397 6171 1465 3293 2791 6205 7287 8518 890 8428 7122 2165 2345 3946 883 2413 3175 862 2164 3769 9832 3999
5 439 48 452 262 3016 202 7574 1846 4790 1740 526 566 3171 6015 1787 974 4642 574 4314 9335 2136 9262 283 9085 767 487 3098 3089 2928 4885 1958 3849 2208
6 4390 1657 926 889 1146 7238 9749 825 7032 3577 3659 368 5165 537 950 2738 6946 1123 3128 441 6854 7384 2709 2598 2565 1611 5838 4881 9500 9906 484 1391 2106 385 850 7055
7 38 74 4848 303 6031 848 807 170 30 5429 4752 1315 1590 5222 331 3548 485 948 398 1576 1296 3500 1100 3194 4362 2983 1021 9040 772 470 1212 1666 3203 1080 1515 6662 9054 4371
8 2172 3179 6555 6874 693 2622 5186 5235 2491 5847 7798 1735 7553 6589 1386 2247 8438 3932 6531 1971 4316 2627 3969 3883 2171 5627 4517 5357 8614 2244 3403 3389 3774 867
9 4253 293 5226 6643 1313 316 425 123 7192 1756 174 962 2406 5442 3972 676 2631 1148 5034 938 187 1790 4938 656 1456 144 730 3973 6992 791 1991 2652 2735 6188 9652 5641 2973 1881 6729
10 203 1363 1390 836 4430 346 533 2950 2628 9053 529 559 9086 4526 5638 142 1041 4372 628 2911 224 476 544 2838 2453 1132 571 3532 243 429 2341 687 2842 1396 503 3941 468 739 2848 5926
11 24 7884 236 492 72 3000 653 7155 3224 1621 8168 201 1807 742 2479 902 185 2980 1412 304 7591 1837 4858 4618 5688 2924 1558 1815 4184 2852 191 1091 2205 2692 477 2759 6402
12 61 845 288 117 29 6042 6571 78 2177 300 154 1250 383 2757 7399 2961 90 5762 3955 826 521 1476 333 6907 736 8989 1327 855 2529 1426 1484 3379 2697 2064 1229 1635 1077
13 6943 2494 5532 2737 241 400 3262 392 1637 4911 2947 8243 6813 3251 2794 4100 4724 3989 4162 6480 5604 3880 1482 1199 6115 2725 932 611 947 8116 4350 1452 1413 7658
14 17 1190 143 35 231 1216 355 1861 6979 1324 710 3759 1126 4973 5845 2604 7961 2014 4404 2815 7226 8806 9868 4539 4594 2859 6756 4788 844 706 3088 3398 4468 1097 816 7283 5721 1131 9559 737
15 22 52 2065 54 138 1161 103 405 3476 233 3679 284 2114 87 1489 206 9021 2521 1245 2250 329 428 956 2720 6243 2235 5477 294 4182 2850 5005 2960 2639 5482
17 454 5893 759 4278 1710 435 3900 3274 7818 2202 633 3735 5278 215 8015 1062 6797 361 2329 622 1185 1352 3923 2355 9400 5782 2563 7414 731 4607 2700 6049
18 18 1687 286 3626 95 157 4781 1052 465 8703 939 242 362 6787 7557 720 6475 2929 1243 1222 2146 7214 965 2680 4854 4299 1398 1604 7281 3392 7337 895 6552 8100 6986 3831 2371 4102 7984
19 3141 1548 9977 5306 1925 627 643 1755 618 3839 1144 1064 9206 851 6575 1629 5916 4834 3871 2119 6786 370 2605 3402 9301 1244 1942 6462 3509 3162 3981 2595 3095 7165 3804 764 2222 8374 6515
20 26 62 148 19 247 5154 210 1039 1290 214 250 7606 516 2979 935 655 712 9519 1058 1005 490 9562 1481 379 336 7347 6549 1168 1397 3317 908 1729 1514 4259 159 595 5526 8454 3172
21 6 109 412 2546 168 342 2025 9677 85 1304 409 2160 1293 474 1128 1213 2380 463 8743 249 6379 625 1490 1723 1859 8886 2832 757 6510 5269 2191 952 1388
22 73 96 49 859 1024 6599 69 442 37 6035 1563 173 822 6731 3221 584 9673 458 4328 5110 2045 843 3680 7463 881 3797 2625 7979 387 2932 2804 2949 4419 257 9425 1310 9517 5851
23 1156 1042 1948 1438 3324 5834 1677 1152 1967 885 1105 1686 2664 4477 2579 1402 3700 5120 1030 8146 946 567 5173 592 5459 494 629 1271 535
24 4 31 330 186 6697 3301 65 91 167 3699 1217 323 181 602 769 641 1011 4908 8488 7387 5052 4824 539 125 725 8601 6408 3843 2812 390 6238 3790 940 6930
25 888 5874 3125 1347 4896 8240 996 5511 1346 4427 5791 6973 440 1893 1797 5553 2571 6499 7322 7773 4429 4544 2034 1234 6215 2310 2131 3479 1645 8491 2770 3483 3139 728
26 28 1436 9798 2844 222 406 1027 6249 328 587 5027 469 1127 3730 1816 2333 597 4807 4335 561 4051 92 493 714 9061 1435 3488 580 513 6783 1951
27 431 414 4584 121 2805 343 626 246 2889 5830 3064 1732 1301 1014 6504 4151 3357 893 9693 220 2860 5749 3911 317 1754 1442 2514 2741 5150 2513
28 7971 842 6696 2968 6424 7672 557 314 4325 8938 1140 3516 8103 8427 9360 1228 1149 3943 3127 745 5417 6785 1906 7590 2576 374 4672 1008 1191 4667 7408 2581 1665 8450 2402
29 780 541 1721 4632 4914 8692 1410 4757 727 2681 1380 3013 1867 4088 5447 8520 3424 3369 4560 7791 4044 1811 6630 721 480 1742 1579 9843 4875 3987 2751 6698
30 1660 6252 4602 5463 4779 4514 7774 1642 3895 1392 4801 8241 5686 2072 3890 4597 841 1155 9872 4652 7482 4930 1596 2466 9948 6817 3178 3660 823 2356 4519 8016 2112 532 7594 2533 8034
31 5 3618 1506 47 1530 354 7070 1320 238 2426 5021 5359 918 4683 9162 216 1989 6440 4604 6705 126 678 694 263 761 1088 9908 840 6572 645 1823 3980 3004 2486
32 281 1414 175 2882 113 7170 180 81 861 6382 1368 3458 505 2715 1150 104 4227 235 1614 3596 2184 709 9175 9073 2746 2938 1741 4040 176 684 3992
33 582 66 1257 151 2624 446 118 990 4129 7437 289 523 2219 2862 315 158 809 5492 2033 5294 1806 501 9896 3600 864 1922 2233 1224 886 1102 3624 980 1059 3119 3563 1990 1365 961 7585
34 0 55 4104 5850 1378 264 550 1866 2986 4685 134 8076 4474 3768 1902 6604 437 2619 4133 909 936 760 396 4895 1587 666 860 4596 688 2593 608 8355 1700 434 4417 1384
36 1698 998 1323 784 4654 1783 1936 647 5502 5193 6210 312 3230 4688 1214 5140 3808 5929 5330 5811 9521 697 3777 1333 3201 3996 4070 5041 2298 1850 6577 3497
37 3140 1372 6755 395 514 866 817 594 1233 363 4659 6130 371 1446 1089 2469 5597 2430 4096 198 7748 3222 1886 2147 4984 5084 1638 6523 798 1985 2096 7367 2365 1921 1556 4662 1737 3102
38 6329 5803 1362 6064 1314 562 6284 2067 1370
39 1854 1251 322 94 701 209 189 1743 172 2503 1927 86 2383 219 2128 166 792 796 169 2125 632 7593 3813 896 204 2143 750 2688 979 879 421 192 1973 506 335 8735 393 459 4768
40 2415 1899 748 7307 4421 1047 9701 1255 1202 3380 1812 1821 814 6154 1230 1463 1680 1186 1702 1789 2566 1987 3135 6183 4168 5521 1249 3866 1096 7288 2277 2923
41 5038 20 1516 5737 156 6538 2344 554 2076 3959 581 1679 1322 527 2270 3764 983 3364 1912 813 8586 9678 2729 1526 1415 1661 6702 2384 553 1880 1511 3387 4413 4609 797 2153
42 131 42 1108 432 5412 2400 8931 9338 800 422 478 1460 1552 3617 603 546 588 1664 4537 1694 815 9567 340 7431 466 408 515 5246 8871 261 4408 4820 7854 4225 1917 681 482 4023 1643 1263 968
43 6094 3708 3828 2094 324 1055 7797 1277 4726 2497 1175 1147 1758 6057 2201 9351 2133 2211 3358 2063 3164 596 2611 4016 1509 4533 4320 1032 4501 2224 8663 9528 6126 2573 3199
44 9485 2305 1357 1675 8755 9255 963 1086 6692 5494 9549 6919 1877 5626 976 5624 6558 9676 1708 3820 3384 1488 2762 2226 3663 1767 4638 1599 1153 7959 3870
45 1 225 229 4211 384 27 193 5999 239 509 462 44 107 183 8843 1601 4025 6661 1996 6514 5270 105 6001 1954 365 671 226 830 3644 447 1865 402 665 1012 290 2818 7548
46 83 1502 15 9902 4704 1340 70 1704 788 1805 8160 733 1382 8929 1944 450 367 1903 318 605 1057 630 856 1247 6181 1404 2405 1066 1713 777 444 5209 2447 9511
47 12 67 129 140 1119 101 266 194 245 8150 775 5990 2266 130 1235 7685 1072 1001 981 344 1134 6642 345 1048 4060 1532 4722 2587 9134 2190 4063 9768 511 2685 2264 3767
48 3684 33 5728 2863 366 218 3692 124 4821 1371 248 2825 8616 2920 1260 2988 8087 1653 680 4103 6336 916 6410 8326 357 7635 9433 3166 2286 1344 4799 2120 4247
49 8973 272 419 297 1959 88 646 6137 9957 7718 3236 1752 7970 259 2239 483 1074 1909 5221 6012 699 2662 738 654 4164 471 1746 689 970 534 1522 907 4613
50 2087 6828 3443 2321 7706 479 5969 4188 7357 8136 1654 9465 871 3343 2743 6688 8585 5540 1474 5346 1246 2712 8123 1033 4022 438 1307 8480 776 2292 1981
51 9234 8783 213 4705 4606 966 2410 2420 4847 6237 3586 1417 1848 3924 415 3824 623 1491 1602 7694 1692 3634 2633 3218 3734 5230 6463 5031 3084 9213 6211 1960 6877 5501 2826 3046 9365
52 1493 1094 9913 2309 4277 2152 6376 4130 5248 8273 1299 4849 765 5616 3906 2585 2275 1035 3587 3411 2471 2442 7063 4073 2623 1139 2807 4153 5175 1022 3335 4611
53 510 230 7433 114 2282 3038 334 1434 171 369 4478 2135 978 724 2052 184 7981 8512 295 348 2739 2218 8629 2262 3282 1421 1667 1428 1300 755 6043 5882 1353 524 2473 7064 2809 3773 404 1256 873
54 2644 2330 2251 2240 1607 2638 2099 5195 2000 9019 9763 4511 1568 5620 2643 504 8917 2887 8104 771 2745 6009 9386 3512 1733 274 2294 9885 1946 4656 3082 5985
55 460 132 1137 1373 163 1184 3425 8345 543 377 789 3551 2710 3553 1197 2456 2105 302 3131 3338 716 747 359 9414 876 3499 4482 3059 3244 228 4507 5921
56 32 16 391 108 2431 1913 8114 799 6348 3796 8702 1697 5566 719 9742 2451 4452 1075 1739 1406 7922 292 7815 520 1198 586 6055 481 1748 3006 5276 3756 8402
57 7 11 6169 456 53 2883 82 111 2458 778 4152 268 1107 4859 5724 619 2683 1696 1595 1706 136 9566 2568 486 2062 287 1073 4964 649 708 372 884 6452 3975
58 531 3938 1101 923 2066 880 5339 7429 3442 2206 3470 942 9837 2393 2939 2155 2080 6190 1154 3694 2659 3186 326 820 7637 4339 1871 3529 785 4309 3863 1457 9894
59 6676 702 7805 3908 9137 8969 1480 6246 4646 6036 8138 5376 3226 3962 3101 2948 5333 9412 4913 2956 4936 2732 1997 857 2485 2043 2231 1238 3952 1477 6335 8139 6138
60 951 232 122 9442 6234 1449 2024 3559 4240 311 912 758 2562 6161 3181 2603 5605 1393 969 2601 953 1504 7295 2516 237 3560 8965 899
61 321 1626 5914 1165 2795 1317 674 1177 545 7473 1358 8360 8672 2634 639 223 7710 2682 2592 9836 1718 488 9666 3557 1949 6051 1259 3036 8660 1999 1294 5576 7559 7537 1546 3613
62 356 10 332 5014 164 662 64 495 77 1841 2091 1610 770 1051 2951 919 4089 6044 5672 2575 1169 1826 162 1117 583 1187 325 195 2196 4197 146 3234 3052 650 491 5876 2785 1106 661 3604 2853 3428 7624 9502 7117
63 45 2363 147 2178 280 1283 5410 115 188 1206 59 1183 7820 5127 2690 57 5190 2921 660 652 3100 135 1524 3337 3249 906 2158 3112 5063 925 307 794 1554 4977 3642 9886
64 352 56 282 987 2145 79 310 565 3940 373 5055 1167 1545 265 576 1518 208 2958 512 3032 1919 1236 5091 989 1968 5001 805 3535 9460 9305 904 1872 2967 5621 7518 6165
65 4819 853 1849 2525 4729 1298 1203 4145 1766 824 1597 7151 5382 1116 6222 548 1777 9572 4207 1993 3195 1337 4378 9831 4288 5970 5855 376 634 3165 3878 5287 5617 616 4999 5720 6459
66 5973 4872 5915 1282 133 4180 7325 4673 97 4019 774 252 669 795 296 211 6934 3289 1272 2210 801 6980 5302 3374 5454 9277 2663 551 5754 417 1387
67 63 119 25 3711 2132 240 2769 6259 472 1863 309 779 601 1345 60 1843 1225 1623 160 1956 375 5812 411 2187 2195 1429 2148 1728 1264 891 2193 1566 984 2295 2291 3266 3477
68 9 8733 68 244 433 4138 5350 207 161 1130 2657 197 753 499 2517 1078 3761 273 2327 2942 5625 424 190 1950 3158 635 887 255 1407 2524 1351 752 8466 1888 7895
69 1125 2925 4331 306 2884 2782 781 7394 569 2864 7371 3299 2100 4436 572 4035
70 9609 5371 2730 2397 525 1312 4459 808 7876 3456 2013 2157 2831 9723 5960 2667 1170 6030 2035 615 3569 8387 8770 9479 2432 1892 5349 3180 4508 1280 2170 6718 6135 1517 7401 2780
71 3 2684 651 663 8088 1389 350 5020 84 4370 2665 3003 1099 2212 5275 443 448 9357 153 6438 360 182 2477 407 723 4148 1461 327 473 196 793 2591 6656
72 1641 734 298 2271 8010 1166 4466 7495 695 5875 7304 8388 5760 8421 8442 2419 5125 3540 5177 1049 1092 1095 5181 863 1584 8299 4332 4497 2021 2181
73 4341 2346 3826 2869 3418 3291 575 1494 1339 1274 3706 5124 3449 2337 3495 2703 4524 2724 9461 2249 6352 7112 3666 6334 4739 6116 2198 9478 7828 4976 7703 5547 6711
74 2385 258 612 8365 234 517 3502 1210 621 418 1332 659 992 275 9295 2522 1979 3609 6450 1026 7208 2156 5792 8875 1775 1513 2048 1328 1988 713 1486 945 3484 3121 914 2955 1200 5661
75 762 141 1593 1499 427 1883 388 1279 358 8180 276 3561 756 3520 6767 7231 1061 8004 746 9718 2098 3056 5108 1628 1788 3710 7893 2551 3573 941 5878 679 977
76 43 2 39 3228 455 128 3279 556 305 508 691 1342 4181 6288 683 735 1038 4738 577 1613 773 8725 2902 7142 2312 4336 2293 339 1379 6321 5805 2168 2060 4500
78 3648 606 4319 4001 875 7316 2142 7027 8688 6684 3257 1469 3615 2042 5662 744 2512 9946 607 1316 4495 1851 6682 1060 2162 4620 2523 3407 3525 8734 7918 4725 1714
79 682 6790 8579 1459 1201 260 636 1286 4793 7756 8244 997 489 911 3894 598 2886 1266 3169 3950 4734 1853 1975 1709 1782 2377 782
80 41 609 99 36 2012 112 299 4680 9628 380 319 1232 7274 703 1159 5479 3433 221 542 382 3124 1540 6307 3528 1044 1799 685 5797 1195 1067 589 9794 869 5801 686 3106 6337
81 8 3430 3252 93 1361 200 5170 1079 4386 934 715 2496 6912 1663 217 1603 3712 975 152 3593 579 149 1000 994 8322 7345 8992 900 4841
82 14 21 1759 9711 1606 1937 337 5472 502 839 271 1424 718 1671 1329 320 6037 1844 5675 341 5144 9471 3144 1547 1325 5419 3594 6097 5859 7677
83 89 1857 4046 279 349 150 6607 593 1483 155 6158 1574 1141 1084 3246 560 3689 313 2433 3079 2199 9556 353 254 4139 1237 8839 7763 648 1004 6018 6005 7687
84 386 9375 256 9890 1963 1158 837 7341 7400 3008 613 6745 2378 5725 3603 3094 2037 2959 3350 3639 1164 2421 9355 4773 1873 1275 5497 3334 1087 568 9710 9430 787 5872 2701 1670 1173
86 500 2051 2221 98 1757 227 351 1896 2987 1121 1318 9041 726 1889 538 3354 3526 8044 347 7278 2444 5167 3137 4120 267 1983 2019 6087 2527 1588 4971 1122 2003 9514
87 7092 2285 1525 2694 9043 591 3406 2011 4411 1822 555 4809 4124 2144 1468 4985 5788 7549 4221 1774 1455 8940 802 6928 3258 3002 3598 3640 2071 8860
88 1583 6025 3915 672 7777 1503 1591 5778 2475 5731 1571 3400 928 1053 2552 3879 7195 2718 6847 786 2207 2408 497 1068 403 4090 2423 9358 7085 854 7481 1010 2169 9967 1496 2493 2322 7315 9593 5546 3457
90 3223 1071 6160 4479 2209 1808 76 1828 3814 8461 1110 1776 4329 7266 1462 3977 3022 2228 806 610 9561 1427 2005 3935 1104 1189 763 7245 1223 540 6398 2849 1270 4171
91 71 253 3208 145 2424 338 100 177 1804 3794 378 426 139 1016 3066 2650 4081 1691 4465 3909 1287 2452 1419 9546 1982 9167 2349 644 868 1083 3856 4480 9127 2871 1437 5659 8307
92 585 40 1054 4630 2360 475 399 8444 165 8948 590 768 2696 6166 1009 2078 1803 5539 3676 5667 677 903 3511 549 5136 4798 5469 2978 971 7013 2340 4589 698 1065 1334 5448
93 2104 1839 522 6800 547 4202 3025 1330 959 1273 1862 924 7604 5396 1269 6788 2803 2905 4981 4568 8389 1019 530 9532 732 617 5205 1093 711 4852 4634 9927
95 2102 1367 457 1375 3661 453 5633 5392 3673 7639 4621 705 2300 5271 3884 5196 1112 5011 957 5062 5119 1377 631 2460 818 518 2894 929 8835 2668 7234 8094
97 670 34 519 1478 658 413 212 1258 1992 1002 960 1938 285 4301 3397 573 6581 3957 5065 6257 604 6102 707 3070 1192 1218 1765 6467 4968 1029 9675 1395 9803 2538 4142 5381
98 205 1487 106 46 179 410 1658 5748 6400 5645 6201 1636 1672 9782 7243 6546 1736 927 915 6927 1932 642 958 445 1207 1142 9320 9664 4581 2039 7753 3097
99 1966 116 50 51 2498 5299 270 389 75 301 498 1209 1017 1401 933 6689 7497 3881 8056 5197 4947 120 2478 5863 5681 5524 599 4552 199 1561 2706 269 6082 624 4226 3110